04/01/2025 00:09:49 - INFO     - --------------------------------------------------
04/01/2025 00:09:49 - INFO     - Lancement MonApplication                           
04/01/2025 00:09:49 - INFO     - --------------------------------------------------
04/01/2025 00:12:10 - INFO     - --------------------------------------------------
04/01/2025 00:12:10 - INFO     - Lancement MonApplication                           
04/01/2025 00:12:10 - INFO     - --------------------------------------------------
04/01/2025 00:15:21 - INFO     - --------------------------------------------------
04/01/2025 00:15:21 - INFO     - Lancement MonApplication                           
04/01/2025 00:15:21 - INFO     - --------------------------------------------------
04/01/2025 00:15:42 - INFO     - --------------------------------------------------
04/01/2025 00:15:42 - INFO     - Lancement MonApplication                           
04/01/2025 00:15:42 - INFO     - --------------------------------------------------
04/01/2025 00:15:42 - INFO     -     .run_streamlit_app() - DEBUT
04/01/2025 00:15:42 - INFO     -     .run_streamlit_app() - FIN
04/01/2025 00:15:42 - INFO     -        └─> Sortie : None
04/01/2025 00:17:35 - INFO     - --------------------------------------------------
04/01/2025 00:17:35 - INFO     - Lancement MonApplication                           
04/01/2025 00:17:35 - INFO     - --------------------------------------------------
04/01/2025 00:17:35 - INFO     -     .run_streamlit_app() - DEBUT
04/01/2025 00:17:35 - INFO     -     .run_streamlit_app() - FIN
04/01/2025 00:17:35 - INFO     -        └─> Sortie : None
04/01/2025 00:20:16 - INFO     - --------------------------------------------------
04/01/2025 00:20:16 - INFO     - Lancement MonApplication                           
04/01/2025 00:20:16 - INFO     - --------------------------------------------------
04/01/2025 00:20:16 - INFO     - --------------------------------------------------
04/01/2025 00:20:16 - INFO     - Lancement MonApplication                           
04/01/2025 00:20:16 - INFO     - --------------------------------------------------
04/01/2025 00:20:16 - INFO     -     .run_streamlit_app() - DEBUT
04/01/2025 00:20:16 - INFO     -     .run_streamlit_app() - FIN
04/01/2025 00:20:16 - INFO     -        └─> Sortie : None
04/01/2025 00:21:43 - INFO     - --------------------------------------------------
04/01/2025 00:21:43 - INFO     - Lancement MonApplication                           
04/01/2025 00:21:43 - INFO     - --------------------------------------------------
04/01/2025 00:21:43 - INFO     - --------------------------------------------------
04/01/2025 00:21:43 - INFO     - Lancement MonApplication                           
04/01/2025 00:21:43 - INFO     - --------------------------------------------------
04/01/2025 00:21:43 - INFO     -     .run_streamlit_app() - DEBUT
04/01/2025 00:21:43 - INFO     -     .run_streamlit_app() - FIN
04/01/2025 00:21:43 - INFO     -        └─> Sortie : None
04/01/2025 00:21:58 - INFO     - --------------------------------------------------
04/01/2025 00:21:58 - INFO     - Lancement MonApplication                           
04/01/2025 00:21:58 - INFO     - --------------------------------------------------
04/01/2025 00:21:58 - INFO     - --------------------------------------------------
04/01/2025 00:21:58 - INFO     - Lancement MonApplication                           
04/01/2025 00:21:58 - INFO     - --------------------------------------------------
04/01/2025 00:21:58 - INFO     -     .run_streamlit_app() - DEBUT
04/01/2025 00:21:58 - INFO     -     .run_streamlit_app() - FIN
04/01/2025 00:21:58 - INFO     -        └─> Sortie : None
04/01/2025 00:22:53 - INFO     - --------------------------------------------------
04/01/2025 00:22:53 - INFO     - Lancement MonApplication                           
04/01/2025 00:22:53 - INFO     - --------------------------------------------------
04/01/2025 00:22:53 - INFO     - --------------------------------------------------
04/01/2025 00:22:53 - INFO     - Lancement MonApplication                           
04/01/2025 00:22:53 - INFO     - --------------------------------------------------
04/01/2025 00:22:53 - INFO     -     .run_streamlit_app() - DEBUT
04/01/2025 00:22:53 - INFO     -     .run_streamlit_app() - FIN
04/01/2025 00:22:53 - INFO     -        └─> Sortie : None
04/01/2025 00:32:21 - INFO     - --------------------------------------------------
04/01/2025 00:32:21 - INFO     - Lancement MonApplication                           
04/01/2025 00:32:21 - INFO     - --------------------------------------------------
04/01/2025 00:32:21 - INFO     - --------------------------------------------------
04/01/2025 00:32:21 - INFO     - Lancement MonApplication                           
04/01/2025 00:32:21 - INFO     - --------------------------------------------------
04/01/2025 00:32:21 - INFO     -     .run_streamlit_app() - DEBUT
04/01/2025 00:32:21 - INFO     -     .run_streamlit_app() - FIN
04/01/2025 00:32:21 - INFO     -        └─> Sortie : None
04/01/2025 00:50:42 - INFO     - --------------------------------------------------
04/01/2025 00:50:42 - INFO     - Lancement MonApplication                           
04/01/2025 00:50:42 - INFO     - --------------------------------------------------
04/01/2025 00:50:42 - INFO     - --------------------------------------------------
04/01/2025 00:50:42 - INFO     - Lancement MonApplication                           
04/01/2025 00:50:42 - INFO     - --------------------------------------------------
04/01/2025 00:50:42 - INFO     -     .run_streamlit_app() - DEBUT
04/01/2025 00:50:42 - INFO     -     .run_streamlit_app() - FIN
04/01/2025 00:50:42 - INFO     -        └─> Sortie : None
04/01/2025 00:51:55 - INFO     - --------------------------------------------------
04/01/2025 00:51:55 - INFO     - Lancement MonApplication                           
04/01/2025 00:51:55 - INFO     - --------------------------------------------------
04/01/2025 00:51:55 - INFO     - --------------------------------------------------
04/01/2025 00:51:55 - INFO     - Lancement MonApplication                           
04/01/2025 00:51:55 - INFO     - --------------------------------------------------
04/01/2025 00:51:55 - INFO     -     .run_streamlit_app() - DEBUT
04/01/2025 00:51:55 - INFO     -     .run_streamlit_app() - FIN
04/01/2025 00:51:55 - INFO     -        └─> Sortie : None
04/01/2025 00:52:21 - INFO     - --------------------------------------------------
04/01/2025 00:52:21 - INFO     - Lancement MonApplication                           
04/01/2025 00:52:21 - INFO     - --------------------------------------------------
04/01/2025 00:53:41 - INFO     - --------------------------------------------------
04/01/2025 00:53:41 - INFO     - Lancement MonApplication                           
04/01/2025 00:53:41 - INFO     - --------------------------------------------------
04/01/2025 00:54:25 - INFO     - --------------------------------------------------
04/01/2025 00:54:25 - INFO     - Lancement MonApplication                           
04/01/2025 00:54:25 - INFO     - --------------------------------------------------
04/01/2025 00:54:25 - INFO     -     .run_streamlit_app() - DEBUT
04/01/2025 00:54:25 - INFO     -     .run_streamlit_app() - FIN
04/01/2025 00:54:25 - INFO     -        └─> Sortie : None
04/01/2025 00:54:40 - INFO     - --------------------------------------------------
04/01/2025 00:54:40 - INFO     - Lancement MonApplication                           
04/01/2025 00:54:40 - INFO     - --------------------------------------------------
04/01/2025 00:54:40 - INFO     -     .run_streamlit_app() - DEBUT
04/01/2025 00:54:40 - INFO     -     .run_streamlit_app() - FIN
04/01/2025 00:54:40 - INFO     -        └─> Sortie : None
04/01/2025 00:55:16 - INFO     - --------------------------------------------------
04/01/2025 00:55:16 - INFO     - Lancement MonApplication                           
04/01/2025 00:55:16 - INFO     - --------------------------------------------------
04/01/2025 00:55:16 - INFO     -     .run_streamlit_app() - DEBUT
04/01/2025 00:55:16 - INFO     -     .run_streamlit_app() - FIN
04/01/2025 00:55:16 - INFO     -        └─> Sortie : None
04/01/2025 00:57:38 - INFO     - --------------------------------------------------
04/01/2025 00:57:38 - INFO     - Lancement MonApplication                           
04/01/2025 00:57:38 - INFO     - --------------------------------------------------
04/01/2025 00:57:38 - INFO     -     .run_streamlit_app() - DEBUT
04/01/2025 00:57:38 - INFO     -     .run_streamlit_app() - FIN
04/01/2025 00:57:38 - INFO     -        └─> Sortie : None
